{"/home/delsonsousa/Documentos/Projetos/react-test/src/components/Box/styled.ts": {"path":"/home/delsonsousa/Documentos/Projetos/react-test/src/components/Box/styled.ts","statementMap":{"0":{"start":{"line":1,"column":0},"end":{"line":1,"column":39}},"1":{"start":{"line":3,"column":13},"end":{"line":19,"column":2}}},"fnMap":{},"branchMap":{},"s":{"0":1,"1":1},"f":{},"b":{}}
,"/home/delsonsousa/Documentos/Projetos/react-test/src/components/Content/styled.ts": {"path":"/home/delsonsousa/Documentos/Projetos/react-test/src/components/Content/styled.ts","statementMap":{"0":{"start":{"line":1,"column":0},"end":{"line":1,"column":39}},"1":{"start":{"line":3,"column":13},"end":{"line":13,"column":2}}},"fnMap":{},"branchMap":{},"s":{"0":2,"1":2},"f":{},"b":{}}
,"/home/delsonsousa/Documentos/Projetos/react-test/src/components/Pagination/index.tsx": {"path":"/home/delsonsousa/Documentos/Projetos/react-test/src/components/Pagination/index.tsx","statementMap":{"0":{"start":{"line":1,"column":0},"end":{"line":1,"column":57}},"1":{"start":{"line":2,"column":0},"end":{"line":2,"column":38}},"2":{"start":{"line":9,"column":25},"end":{"line":9,"column":42}},"3":{"start":{"line":12,"column":27},"end":{"line":12,"column":29}},"4":{"start":{"line":13,"column":24},"end":{"line":13,"column":56}},"5":{"start":{"line":15,"column":4},"end":{"line":15,"column":39}},"6":{"start":{"line":15,"column":27},"end":{"line":15,"column":39}},"7":{"start":{"line":17,"column":4},"end":{"line":26,"column":5}},"8":{"start":{"line":18,"column":6},"end":{"line":21,"column":7}},"9":{"start":{"line":18,"column":19},"end":{"line":18,"column":20}},"10":{"start":{"line":19,"column":8},"end":{"line":19,"column":46}},"11":{"start":{"line":19,"column":37},"end":{"line":19,"column":46}},"12":{"start":{"line":20,"column":8},"end":{"line":20,"column":38}},"13":{"start":{"line":23,"column":6},"end":{"line":25,"column":7}},"14":{"start":{"line":23,"column":19},"end":{"line":23,"column":20}},"15":{"start":{"line":24,"column":8},"end":{"line":24,"column":35}},"16":{"start":{"line":28,"column":4},"end":{"line":29,"column":52}},"17":{"start":{"line":28,"column":42},"end":{"line":28,"column":55}},"18":{"start":{"line":29,"column":9},"end":{"line":29,"column":52}},"19":{"start":{"line":29,"column":26},"end":{"line":29,"column":52}},"20":{"start":{"line":31,"column":4},"end":{"line":31,"column":16}},"21":{"start":{"line":35,"column":15},"end":{"line":35,"column":41}},"22":{"start":{"line":37,"column":4},"end":{"line":39,"column":7}},"23":{"start":{"line":38,"column":6},"end":{"line":38,"column":53}},"24":{"start":{"line":38,"column":26},"end":{"line":38,"column":53}},"25":{"start":{"line":41,"column":4},"end":{"line":41,"column":16}},"26":{"start":{"line":45,"column":4},"end":{"line":45,"column":75}},"27":{"start":{"line":48,"column":2},"end":{"line":62,"column":4}},"28":{"start":{"line":51,"column":8},"end":{"line":59,"column":10}},"29":{"start":{"line":8,"column":0},"end":{"line":8,"column":25}}},"fnMap":{"0":{"name":"default_1","decl":{"start":{"line":8,"column":0},"end":{"line":8,"column":25}},"loc":{"start":{"line":8,"column":46},"end":{"line":63,"column":1}}},"1":{"name":"createPagination","decl":{"start":{"line":11,"column":11},"end":{"line":11,"column":27}},"loc":{"start":{"line":11,"column":27},"end":{"line":32,"column":3}}},"2":{"name":"getLink","decl":{"start":{"line":34,"column":11},"end":{"line":34,"column":18}},"loc":{"start":{"line":34,"column":37},"end":{"line":42,"column":3}}},"3":{"name":"(anonymous_3)","decl":{"start":{"line":37,"column":25},"end":{"line":37,"column":26}},"loc":{"start":{"line":37,"column":40},"end":{"line":39,"column":5}}},"4":{"name":"active","decl":{"start":{"line":44,"column":11},"end":{"line":44,"column":17}},"loc":{"start":{"line":44,"column":36},"end":{"line":46,"column":3}}},"5":{"name":"(anonymous_5)","decl":{"start":{"line":50,"column":30},"end":{"line":50,"column":31}},"loc":{"start":{"line":50,"column":45},"end":{"line":60,"column":7}}}},"branchMap":{"0":{"loc":{"start":{"line":15,"column":4},"end":{"line":15,"column":39}},"type":"if","locations":[{"start":{"line":15,"column":4},"end":{"line":15,"column":39}}]},"1":{"loc":{"start":{"line":17,"column":4},"end":{"line":26,"column":5}},"type":"if","locations":[{"start":{"line":17,"column":4},"end":{"line":26,"column":5}},{"start":{"line":22,"column":11},"end":{"line":26,"column":5}}]},"2":{"loc":{"start":{"line":19,"column":8},"end":{"line":19,"column":46}},"type":"if","locations":[{"start":{"line":19,"column":8},"end":{"line":19,"column":46}}]},"3":{"loc":{"start":{"line":28,"column":4},"end":{"line":29,"column":52}},"type":"if","locations":[{"start":{"line":28,"column":4},"end":{"line":29,"column":52}},{"start":{"line":29,"column":9},"end":{"line":29,"column":52}}]},"4":{"loc":{"start":{"line":28,"column":8},"end":{"line":28,"column":40}},"type":"binary-expr","locations":[{"start":{"line":28,"column":8},"end":{"line":28,"column":21}},{"start":{"line":28,"column":25},"end":{"line":28,"column":40}}]},"5":{"loc":{"start":{"line":29,"column":9},"end":{"line":29,"column":52}},"type":"if","locations":[{"start":{"line":29,"column":9},"end":{"line":29,"column":52}}]},"6":{"loc":{"start":{"line":38,"column":6},"end":{"line":38,"column":53}},"type":"if","locations":[{"start":{"line":38,"column":6},"end":{"line":38,"column":53}}]},"7":{"loc":{"start":{"line":45,"column":11},"end":{"line":45,"column":74}},"type":"cond-expr","locations":[{"start":{"line":45,"column":61},"end":{"line":45,"column":69}},{"start":{"line":45,"column":72},"end":{"line":45,"column":74}}]}},"s":{"0":1,"1":1,"2":12,"3":12,"4":12,"5":12,"6":0,"7":12,"8":12,"9":12,"10":48,"11":38,"12":10,"13":0,"14":0,"15":0,"16":12,"17":0,"18":12,"19":0,"20":12,"21":10,"22":10,"23":14,"24":4,"25":10,"26":10,"27":12,"28":10,"29":1},"f":{"0":12,"1":12,"2":10,"3":14,"4":10,"5":10},"b":{"0":[0],"1":[12,0],"2":[38],"3":[0,12],"4":[12,5],"5":[0],"6":[4],"7":[5,5]}}
,"/home/delsonsousa/Documentos/Projetos/react-test/src/components/Pagination/styled.ts": {"path":"/home/delsonsousa/Documentos/Projetos/react-test/src/components/Pagination/styled.ts","statementMap":{"0":{"start":{"line":1,"column":0},"end":{"line":1,"column":39}},"1":{"start":{"line":3,"column":13},"end":{"line":28,"column":null}}},"fnMap":{},"branchMap":{},"s":{"0":1,"1":1},"f":{},"b":{}}
,"/home/delsonsousa/Documentos/Projetos/react-test/src/components/Search/index.tsx": {"path":"/home/delsonsousa/Documentos/Projetos/react-test/src/components/Search/index.tsx","statementMap":{"0":{"start":{"line":1,"column":0},"end":{"line":1,"column":34}},"1":{"start":{"line":2,"column":0},"end":{"line":2,"column":46}},"2":{"start":{"line":9,"column":2},"end":{"line":35,"column":4}},"3":{"start":{"line":8,"column":0},"end":{"line":8,"column":25}}},"fnMap":{"0":{"name":"default_1","decl":{"start":{"line":8,"column":0},"end":{"line":8,"column":25}},"loc":{"start":{"line":8,"column":42},"end":{"line":36,"column":1}}}},"branchMap":{},"s":{"0":1,"1":1,"2":3,"3":1},"f":{"0":3},"b":{}}
,"/home/delsonsousa/Documentos/Projetos/react-test/src/components/Search/styled.ts": {"path":"/home/delsonsousa/Documentos/Projetos/react-test/src/components/Search/styled.ts","statementMap":{"0":{"start":{"line":1,"column":0},"end":{"line":1,"column":39}},"1":{"start":{"line":3,"column":13},"end":{"line":42,"column":null}}},"fnMap":{},"branchMap":{},"s":{"0":1,"1":1},"f":{},"b":{}}
,"/home/delsonsousa/Documentos/Projetos/react-test/src/components/Table/styled.ts": {"path":"/home/delsonsousa/Documentos/Projetos/react-test/src/components/Table/styled.ts","statementMap":{"0":{"start":{"line":1,"column":0},"end":{"line":1,"column":39}},"1":{"start":{"line":3,"column":13},"end":{"line":63,"column":2}}},"fnMap":{},"branchMap":{},"s":{"0":2,"1":2},"f":{},"b":{}}
,"/home/delsonsousa/Documentos/Projetos/react-test/src/pages/Dashboard.tsx": {"path":"/home/delsonsousa/Documentos/Projetos/react-test/src/pages/Dashboard.tsx","statementMap":{"0":{"start":{"line":1,"column":0},"end":{"line":1,"column":51}},"1":{"start":{"line":2,"column":0},"end":{"line":2,"column":55}},"2":{"start":{"line":3,"column":0},"end":{"line":3,"column":51}},"3":{"start":{"line":4,"column":0},"end":{"line":4,"column":47}},"4":{"start":{"line":5,"column":0},"end":{"line":5,"column":79}},"5":{"start":{"line":6,"column":0},"end":{"line":6,"column":42}},"6":{"start":{"line":34,"column":18},"end":{"line":36,"column":4}},"7":{"start":{"line":35,"column":4},"end":{"line":35,"column":35}},"8":{"start":{"line":38,"column":2},"end":{"line":38,"column":29}},"9":{"start":{"line":42,"column":30},"end":{"line":42,"column":68}},"10":{"start":{"line":43,"column":28},"end":{"line":43,"column":48}},"11":{"start":{"line":44,"column":32},"end":{"line":44,"column":55}},"12":{"start":{"line":45,"column":36},"end":{"line":45,"column":77}},"13":{"start":{"line":46,"column":30},"end":{"line":46,"column":52}},"14":{"start":{"line":49,"column":4},"end":{"line":49,"column":23}},"15":{"start":{"line":50,"column":22},"end":{"line":50,"column":52}},"16":{"start":{"line":51,"column":4},"end":{"line":51,"column":30}},"17":{"start":{"line":55,"column":4},"end":{"line":55,"column":28}},"18":{"start":{"line":58,"column":2},"end":{"line":70,"column":9}},"19":{"start":{"line":59,"column":4},"end":{"line":69,"column":9}},"20":{"start":{"line":60,"column":23},"end":{"line":60,"column":39}},"21":{"start":{"line":61,"column":6},"end":{"line":61,"column":36}},"22":{"start":{"line":63,"column":25},"end":{"line":63,"column":43}},"23":{"start":{"line":64,"column":23},"end":{"line":64,"column":63}},"24":{"start":{"line":65,"column":6},"end":{"line":65,"column":27}},"25":{"start":{"line":67,"column":27},"end":{"line":67,"column":47}},"26":{"start":{"line":68,"column":6},"end":{"line":68,"column":38}},"27":{"start":{"line":72,"column":2},"end":{"line":179,"column":4}},"28":{"start":{"line":83,"column":14},"end":{"line":88,"column":16}},"29":{"start":{"line":102,"column":14},"end":{"line":107,"column":16}},"30":{"start":{"line":125,"column":14},"end":{"line":125,"column":null}},"31":{"start":{"line":145,"column":14},"end":{"line":145,"column":null}},"32":{"start":{"line":169,"column":14},"end":{"line":169,"column":null}},"33":{"start":{"line":41,"column":0},"end":{"line":41,"column":null}}},"fnMap":{"0":{"name":"topThreeStudios","decl":{"start":{"line":33,"column":9},"end":{"line":33,"column":24}},"loc":{"start":{"line":33,"column":39},"end":{"line":39,"column":1}}},"1":{"name":"(anonymous_2)","decl":{"start":{"line":34,"column":27},"end":{"line":34,"column":28}},"loc":{"start":{"line":34,"column":59},"end":{"line":36,"column":3}}},"2":{"name":"default_1","decl":{"start":{"line":41,"column":0},"end":{"line":41,"column":null}},"loc":{"start":{"line":41,"column":0},"end":{"line":180,"column":1}}},"3":{"name":"handleSubmit","decl":{"start":{"line":48,"column":17},"end":{"line":48,"column":29}},"loc":{"start":{"line":48,"column":53},"end":{"line":52,"column":3}}},"4":{"name":"handleMask","decl":{"start":{"line":54,"column":11},"end":{"line":54,"column":21}},"loc":{"start":{"line":54,"column":38},"end":{"line":56,"column":3}}},"5":{"name":"(anonymous_6)","decl":{"start":{"line":58,"column":12},"end":{"line":58,"column":15}},"loc":{"start":{"line":58,"column":17},"end":{"line":70,"column":3}}},"6":{"name":"(anonymous_7)","decl":{"start":{"line":59,"column":5},"end":{"line":59,"column":10}},"loc":{"start":{"line":59,"column":16},"end":{"line":69,"column":5}}},"7":{"name":"(anonymous_8)","decl":{"start":{"line":82,"column":23},"end":{"line":82,"column":24}},"loc":{"start":{"line":82,"column":53},"end":{"line":89,"column":13}}},"8":{"name":"(anonymous_9)","decl":{"start":{"line":101,"column":25},"end":{"line":101,"column":26}},"loc":{"start":{"line":101,"column":58},"end":{"line":108,"column":13}}},"9":{"name":"(anonymous_10)","decl":{"start":{"line":124,"column":31},"end":{"line":124,"column":32}},"loc":{"start":{"line":125,"column":14},"end":{"line":125,"column":null}}},"10":{"name":"(anonymous_11)","decl":{"start":{"line":144,"column":31},"end":{"line":144,"column":32}},"loc":{"start":{"line":145,"column":14},"end":{"line":145,"column":null}}},"11":{"name":"(anonymous_12)","decl":{"start":{"line":168,"column":24},"end":{"line":168,"column":25}},"loc":{"start":{"line":169,"column":14},"end":{"line":169,"column":null}}}},"branchMap":{},"s":{"0":1,"1":1,"2":1,"3":1,"4":1,"5":1,"6":2,"7":0,"8":2,"9":4,"10":3,"11":3,"12":3,"13":3,"14":1,"15":1,"16":1,"17":0,"18":3,"19":2,"20":2,"21":2,"22":2,"23":2,"24":2,"25":2,"26":2,"27":3,"28":1,"29":1,"30":0,"31":0,"32":1,"33":1},"f":{"0":2,"1":0,"2":4,"3":1,"4":0,"5":2,"6":2,"7":1,"8":1,"9":0,"10":0,"11":1},"b":{}}
,"/home/delsonsousa/Documentos/Projetos/react-test/src/pages/List.tsx": {"path":"/home/delsonsousa/Documentos/Projetos/react-test/src/pages/List.tsx","statementMap":{"0":{"start":{"line":1,"column":0},"end":{"line":1,"column":57}},"1":{"start":{"line":2,"column":0},"end":{"line":2,"column":55}},"2":{"start":{"line":3,"column":0},"end":{"line":3,"column":51}},"3":{"start":{"line":4,"column":0},"end":{"line":4,"column":44}},"4":{"start":{"line":5,"column":0},"end":{"line":5,"column":46}},"5":{"start":{"line":6,"column":0},"end":{"line":6,"column":74}},"6":{"start":{"line":7,"column":0},"end":{"line":7,"column":50}},"7":{"start":{"line":17,"column":19},"end":{"line":17,"column":32}},"8":{"start":{"line":18,"column":42},"end":{"line":18,"column":59}},"9":{"start":{"line":19,"column":28},"end":{"line":19,"column":47}},"10":{"start":{"line":20,"column":30},"end":{"line":20,"column":49}},"11":{"start":{"line":23,"column":4},"end":{"line":32,"column":5}},"12":{"start":{"line":24,"column":6},"end":{"line":31,"column":9}},"13":{"start":{"line":25,"column":8},"end":{"line":26,"column":51}},"14":{"start":{"line":25,"column":46},"end":{"line":25,"column":66}},"15":{"start":{"line":26,"column":13},"end":{"line":26,"column":51}},"16":{"start":{"line":28,"column":8},"end":{"line":28,"column":30}},"17":{"start":{"line":30,"column":8},"end":{"line":30,"column":20}},"18":{"start":{"line":37,"column":6},"end":{"line":37,"column":70}},"19":{"start":{"line":39,"column":4},"end":{"line":46,"column":7}},"20":{"start":{"line":40,"column":6},"end":{"line":41,"column":48}},"21":{"start":{"line":40,"column":29},"end":{"line":40,"column":51}},"22":{"start":{"line":41,"column":11},"end":{"line":41,"column":48}},"23":{"start":{"line":43,"column":6},"end":{"line":43,"column":28}},"24":{"start":{"line":45,"column":6},"end":{"line":45,"column":18}},"25":{"start":{"line":49,"column":2},"end":{"line":59,"column":31}},"26":{"start":{"line":50,"column":4},"end":{"line":58,"column":9}},"27":{"start":{"line":51,"column":27},"end":{"line":54,"column":null}},"28":{"start":{"line":56,"column":6},"end":{"line":56,"column":43}},"29":{"start":{"line":57,"column":6},"end":{"line":57,"column":45}},"30":{"start":{"line":61,"column":2},"end":{"line":61,"column":79}},"31":{"start":{"line":61,"column":41},"end":{"line":61,"column":79}},"32":{"start":{"line":63,"column":2},"end":{"line":119,"column":4}},"33":{"start":{"line":105,"column":14},"end":{"line":112,"column":16}},"34":{"start":{"line":16,"column":0},"end":{"line":16,"column":null}}},"fnMap":{"0":{"name":"default_1","decl":{"start":{"line":16,"column":0},"end":{"line":16,"column":null}},"loc":{"start":{"line":16,"column":0},"end":{"line":120,"column":1}}},"1":{"name":"handleYearMask","decl":{"start":{"line":22,"column":17},"end":{"line":22,"column":31}},"loc":{"start":{"line":22,"column":48},"end":{"line":33,"column":3}}},"2":{"name":"(anonymous_3)","decl":{"start":{"line":24,"column":22},"end":{"line":24,"column":23}},"loc":{"start":{"line":24,"column":31},"end":{"line":31,"column":7}}},"3":{"name":"handleWinnerChange","decl":{"start":{"line":35,"column":17},"end":{"line":35,"column":35}},"loc":{"start":{"line":35,"column":75},"end":{"line":47,"column":3}}},"4":{"name":"(anonymous_5)","decl":{"start":{"line":39,"column":20},"end":{"line":39,"column":21}},"loc":{"start":{"line":39,"column":29},"end":{"line":46,"column":5}}},"5":{"name":"(anonymous_6)","decl":{"start":{"line":49,"column":12},"end":{"line":49,"column":15}},"loc":{"start":{"line":49,"column":17},"end":{"line":59,"column":3}}},"6":{"name":"(anonymous_7)","decl":{"start":{"line":50,"column":5},"end":{"line":50,"column":10}},"loc":{"start":{"line":50,"column":16},"end":{"line":58,"column":5}}},"7":{"name":"(anonymous_8)","decl":{"start":{"line":104,"column":25},"end":{"line":104,"column":26}},"loc":{"start":{"line":104,"column":35},"end":{"line":113,"column":13}}}},"branchMap":{"0":{"loc":{"start":{"line":23,"column":4},"end":{"line":32,"column":5}},"type":"if","locations":[{"start":{"line":23,"column":4},"end":{"line":32,"column":5}}]},"1":{"loc":{"start":{"line":23,"column":8},"end":{"line":23,"column":76}},"type":"binary-expr","locations":[{"start":{"line":23,"column":8},"end":{"line":23,"column":40}},{"start":{"line":23,"column":44},"end":{"line":23,"column":76}}]},"2":{"loc":{"start":{"line":25,"column":8},"end":{"line":26,"column":51}},"type":"if","locations":[{"start":{"line":25,"column":8},"end":{"line":26,"column":51}},{"start":{"line":26,"column":13},"end":{"line":26,"column":51}}]},"3":{"loc":{"start":{"line":37,"column":6},"end":{"line":37,"column":70}},"type":"cond-expr","locations":[{"start":{"line":37,"column":36},"end":{"line":37,"column":40}},{"start":{"line":37,"column":43},"end":{"line":37,"column":70}}]},"4":{"loc":{"start":{"line":40,"column":6},"end":{"line":41,"column":48}},"type":"if","locations":[{"start":{"line":40,"column":6},"end":{"line":41,"column":48}},{"start":{"line":41,"column":11},"end":{"line":41,"column":48}}]},"5":{"loc":{"start":{"line":61,"column":2},"end":{"line":61,"column":79}},"type":"if","locations":[{"start":{"line":61,"column":2},"end":{"line":61,"column":79}}]},"6":{"loc":{"start":{"line":110,"column":23},"end":{"line":110,"column":50}},"type":"cond-expr","locations":[{"start":{"line":110,"column":38},"end":{"line":110,"column":43}},{"start":{"line":110,"column":46},"end":{"line":110,"column":50}}]}},"s":{"0":1,"1":1,"2":1,"3":1,"4":1,"5":1,"6":1,"7":17,"8":17,"9":17,"10":17,"11":0,"12":0,"13":0,"14":0,"15":0,"16":0,"17":0,"18":2,"19":2,"20":2,"21":0,"22":2,"23":2,"24":2,"25":17,"26":12,"27":12,"28":12,"29":12,"30":17,"31":5,"32":12,"33":10,"34":1},"f":{"0":17,"1":0,"2":0,"3":2,"4":2,"5":12,"6":12,"7":10},"b":{"0":[0],"1":[0,0],"2":[0,0],"3":[0,2],"4":[0,2],"5":[5],"6":[5,5]}}
}
