TN:
SF:src/components/Box/styled.ts
FNF:0
FNH:0
DA:1,1
DA:3,1
LF:2
LH:2
BRF:0
BRH:0
end_of_record
TN:
SF:src/components/Content/styled.ts
FNF:0
FNH:0
DA:1,2
DA:3,2
LF:2
LH:2
BRF:0
BRH:0
end_of_record
TN:
SF:src/components/Pagination/index.tsx
FN:8,default_1
FN:11,createPagination
FN:34,getLink
FN:37,(anonymous_3)
FN:44,active
FN:50,(anonymous_5)
FNF:6
FNH:6
FNDA:12,default_1
FNDA:12,createPagination
FNDA:10,getLink
FNDA:14,(anonymous_3)
FNDA:10,active
FNDA:10,(anonymous_5)
DA:1,1
DA:2,1
DA:8,1
DA:9,12
DA:12,12
DA:13,12
DA:15,12
DA:17,12
DA:18,12
DA:19,48
DA:20,10
DA:23,0
DA:24,0
DA:28,12
DA:29,12
DA:31,12
DA:35,10
DA:37,10
DA:38,14
DA:41,10
DA:45,10
DA:48,12
DA:51,10
LF:23
LH:21
BRDA:15,0,0,0
BRDA:17,1,0,12
BRDA:17,1,1,0
BRDA:19,2,0,38
BRDA:28,3,0,0
BRDA:28,3,1,12
BRDA:28,4,0,12
BRDA:28,4,1,5
BRDA:29,5,0,0
BRDA:38,6,0,4
BRDA:45,7,0,5
BRDA:45,7,1,5
BRF:12
BRH:8
end_of_record
TN:
SF:src/components/Pagination/styled.ts
FNF:0
FNH:0
DA:1,1
DA:3,1
LF:2
LH:2
BRF:0
BRH:0
end_of_record
TN:
SF:src/components/Search/index.tsx
FN:8,default_1
FNF:1
FNH:1
FNDA:3,default_1
DA:1,1
DA:2,1
DA:8,1
DA:9,3
LF:4
LH:4
BRF:0
BRH:0
end_of_record
TN:
SF:src/components/Search/styled.ts
FNF:0
FNH:0
DA:1,1
DA:3,1
LF:2
LH:2
BRF:0
BRH:0
end_of_record
TN:
SF:src/components/Table/styled.ts
FNF:0
FNH:0
DA:1,2
DA:3,2
LF:2
LH:2
BRF:0
BRH:0
end_of_record
TN:
SF:src/pages/Dashboard.tsx
FN:33,topThreeStudios
FN:34,(anonymous_2)
FN:41,default_1
FN:48,handleSubmit
FN:54,handleMask
FN:58,(anonymous_6)
FN:59,(anonymous_7)
FN:82,(anonymous_8)
FN:101,(anonymous_9)
FN:124,(anonymous_10)
FN:144,(anonymous_11)
FN:168,(anonymous_12)
FNF:12
FNH:8
FNDA:2,topThreeStudios
FNDA:0,(anonymous_2)
FNDA:4,default_1
FNDA:1,handleSubmit
FNDA:0,handleMask
FNDA:2,(anonymous_6)
FNDA:2,(anonymous_7)
FNDA:1,(anonymous_8)
FNDA:1,(anonymous_9)
FNDA:0,(anonymous_10)
FNDA:0,(anonymous_11)
FNDA:1,(anonymous_12)
DA:1,1
DA:2,1
DA:3,1
DA:4,1
DA:5,1
DA:6,1
DA:34,2
DA:35,0
DA:38,2
DA:41,1
DA:42,4
DA:43,3
DA:44,3
DA:45,3
DA:46,3
DA:49,1
DA:50,1
DA:51,1
DA:55,0
DA:58,3
DA:59,2
DA:60,2
DA:61,2
DA:63,2
DA:64,2
DA:65,2
DA:67,2
DA:68,2
DA:72,3
DA:83,1
DA:102,1
DA:125,0
DA:145,0
DA:169,1
LF:34
LH:30
BRF:0
BRH:0
end_of_record
TN:
SF:src/pages/List.tsx
FN:16,default_1
FN:22,handleYearMask
FN:24,(anonymous_3)
FN:35,handleWinnerChange
FN:39,(anonymous_5)
FN:49,(anonymous_6)
FN:50,(anonymous_7)
FN:104,(anonymous_8)
FNF:8
FNH:6
FNDA:17,default_1
FNDA:0,handleYearMask
FNDA:0,(anonymous_3)
FNDA:2,handleWinnerChange
FNDA:2,(anonymous_5)
FNDA:12,(anonymous_6)
FNDA:12,(anonymous_7)
FNDA:10,(anonymous_8)
DA:1,1
DA:2,1
DA:3,1
DA:4,1
DA:5,1
DA:6,1
DA:7,1
DA:16,1
DA:17,17
DA:18,17
DA:19,17
DA:20,17
DA:23,0
DA:24,0
DA:25,0
DA:26,0
DA:28,0
DA:30,0
DA:37,2
DA:39,2
DA:40,2
DA:41,2
DA:43,2
DA:45,2
DA:49,17
DA:50,12
DA:51,12
DA:56,12
DA:57,12
DA:61,17
DA:63,12
DA:105,10
LF:32
LH:26
BRDA:23,0,0,0
BRDA:23,1,0,0
BRDA:23,1,1,0
BRDA:25,2,0,0
BRDA:25,2,1,0
BRDA:37,3,0,0
BRDA:37,3,1,2
BRDA:40,4,0,0
BRDA:40,4,1,2
BRDA:61,5,0,5
BRDA:110,6,0,5
BRDA:110,6,1,5
BRF:12
BRH:5
end_of_record
